c:\users\lenovo\desktop\中文目录\mulnx\mulnx\x64\release\vc145.pdb
c:\users\lenovo\desktop\中文目录\mulnx\mulnx\x64\release\pugixml.obj
c:\users\lenovo\desktop\中文目录\mulnx\mulnx\x64\release\imgui_widgets.obj
c:\users\lenovo\desktop\中文目录\mulnx\mulnx\x64\release\imgui_tables.obj
c:\users\lenovo\desktop\中文目录\mulnx\mulnx\x64\release\imgui_impl_win32.obj
c:\users\lenovo\desktop\中文目录\mulnx\mulnx\x64\release\imgui_impl_dx11.obj
c:\users\lenovo\desktop\中文目录\mulnx\mulnx\x64\release\imgui_draw.obj
c:\users\lenovo\desktop\中文目录\mulnx\mulnx\x64\release\imgui_demo.obj
c:\users\lenovo\desktop\中文目录\mulnx\mulnx\x64\release\imgui.obj
c:\users\lenovo\desktop\中文目录\mulnx\mulnx\x64\release\main.obj
c:\users\lenovo\desktop\中文目录\mulnx\mulnx\x64\release\charsets.obj
c:\users\lenovo\desktop\中文目录\mulnx\mulnx\x64\release\ipcer.obj
c:\users\lenovo\desktop\中文目录\mulnx\mulnx\x64\release\mulnxecore.obj
c:\users\lenovo\desktop\中文目录\mulnx\mulnx\x64\release\configmanager.obj
c:\users\lenovo\desktop\中文目录\mulnx\dist\mulnx\mulnx\mulnx.exe
c:\users\lenovo\desktop\中文目录\mulnx\dist\mulnx\mulnx\mulnx.pdb
c:\users\lenovo\desktop\中文目录\mulnx\mulnx\x64\release\mulnx.ipdb
c:\users\lenovo\desktop\中文目录\mulnx\mulnx\x64\release\mulnx.iobj
c:\users\lenovo\desktop\中文目录\mulnx\mulnx\x64\release\mulnx.tlog\cl.command.1.tlog
c:\users\lenovo\desktop\中文目录\mulnx\mulnx\x64\release\mulnx.tlog\cl.items.tlog
c:\users\lenovo\desktop\中文目录\mulnx\mulnx\x64\release\mulnx.tlog\cl.read.1.tlog
c:\users\lenovo\desktop\中文目录\mulnx\mulnx\x64\release\mulnx.tlog\cl.write.1.tlog
c:\users\lenovo\desktop\中文目录\mulnx\mulnx\x64\release\mulnx.tlog\link.command.1.tlog
c:\users\lenovo\desktop\中文目录\mulnx\mulnx\x64\release\mulnx.tlog\link.read.1.tlog
c:\users\lenovo\desktop\中文目录\mulnx\mulnx\x64\release\mulnx.tlog\link.secondary.1.tlog
c:\users\lenovo\desktop\中文目录\mulnx\mulnx\x64\release\mulnx.tlog\link.write.1.tlog
