c:\users\lenovo\desktop\中文目录\mulnx\mulnx\x64\debug\vc145.pdb
c:\users\lenovo\desktop\中文目录\mulnx\mulnx\x64\debug\vc145.idb
c:\users\lenovo\desktop\中文目录\mulnx\mulnx\x64\debug\pugixml.obj
c:\users\lenovo\desktop\中文目录\mulnx\mulnx\x64\debug\imgui_widgets.obj
c:\users\lenovo\desktop\中文目录\mulnx\mulnx\x64\debug\imgui_tables.obj
c:\users\lenovo\desktop\中文目录\mulnx\mulnx\x64\debug\imgui_impl_win32.obj
c:\users\lenovo\desktop\中文目录\mulnx\mulnx\x64\debug\imgui_impl_dx11.obj
c:\users\lenovo\desktop\中文目录\mulnx\mulnx\x64\debug\imgui_draw.obj
c:\users\lenovo\desktop\中文目录\mulnx\mulnx\x64\debug\imgui_demo.obj
c:\users\lenovo\desktop\中文目录\mulnx\mulnx\x64\debug\imgui.obj
c:\users\lenovo\desktop\中文目录\mulnx\mulnx\x64\debug\main.obj
c:\users\lenovo\desktop\中文目录\mulnx\mulnx\x64\debug\charsets.obj
c:\users\lenovo\desktop\中文目录\mulnx\mulnx\x64\debug\ipcer.obj
c:\users\lenovo\desktop\中文目录\mulnx\mulnx\x64\debug\mulnxecore.obj
c:\users\lenovo\desktop\中文目录\mulnx\mulnx\x64\debug\configmanager.obj
c:\users\lenovo\desktop\中文目录\mulnx\dist\mulnx\mulnx\mulnx.exe
c:\users\lenovo\desktop\中文目录\mulnx\dist\mulnx\mulnx\mulnx.pdb
c:\users\lenovo\desktop\中文目录\mulnx\mulnx\x64\debug\mulnx.ilk
c:\users\lenovo\desktop\中文目录\mulnx\mulnx\x64\debug\mulnx.tlog\cl.command.1.tlog
c:\users\lenovo\desktop\中文目录\mulnx\mulnx\x64\debug\mulnx.tlog\cl.items.tlog
c:\users\lenovo\desktop\中文目录\mulnx\mulnx\x64\debug\mulnx.tlog\cl.read.1.tlog
c:\users\lenovo\desktop\中文目录\mulnx\mulnx\x64\debug\mulnx.tlog\cl.write.1.tlog
c:\users\lenovo\desktop\中文目录\mulnx\mulnx\x64\debug\mulnx.tlog\link.command.1.tlog
c:\users\lenovo\desktop\中文目录\mulnx\mulnx\x64\debug\mulnx.tlog\link.read.1.tlog
c:\users\lenovo\desktop\中文目录\mulnx\mulnx\x64\debug\mulnx.tlog\link.secondary.1.tlog
c:\users\lenovo\desktop\中文目录\mulnx\mulnx\x64\debug\mulnx.tlog\link.write.1.tlog
